build/app/outputs/mapping/release/mapping.txt
# compiler: R8
# compiler_version: 1.5.69
# min_api: 16
# pg_map_id: 7e7d5d2
...
io.flutter.view.FlutterMain -> io.flutter.view.d:
    void ensureInitializationComplete(android.content.Context,java.lang.String[]) -> a
    java.lang.String findAppBundlePath() -> a
io.flutter.view.FlutterNativeView -> io.flutter.view.e:
    io.flutter.embedding.engine.FlutterJNI mFlutterJNI -> d
    io.flutter.embedding.engine.dart.DartExecutor dartExecutor -> b
    io.flutter.view.FlutterView mFlutterView -> c
    io.flutter.embedding.engine.renderer.FlutterUiDisplayListener flutterUiDisplayListener -> g
    io.flutter.app.FlutterPluginRegistry mPluginRegistry -> a
    boolean applicationIsRunning -> f
    android.content.Context mContext -> e
    io.flutter.view.FlutterView access$000(io.flutter.view.FlutterNativeView) -> a
    void assertAttached() -> a
    void attach(io.flutter.view.FlutterNativeView,boolean) -> a
    void attachViewAndActivity(io.flutter.view.FlutterView,android.app.Activity) -> a
    void runFromBundle(io.flutter.view.FlutterRunArguments) -> a
    void send(java.lang.String,java.nio.ByteBuffer,io.flutter.plugin.common.BinaryMessenger$BinaryReply) -> a
    void setMessageHandler(java.lang.String,io.flutter.plugin.common.BinaryMessenger$BinaryMessageHandler) -> a
    io.flutter.app.FlutterPluginRegistry access$200(io.flutter.view.FlutterNativeView) -> b
    void destroy() -> b
    void detachFromFlutterView() -> c
    io.flutter.embedding.engine.dart.DartExecutor getDartExecutor() -> d
    io.flutter.embedding.engine.FlutterJNI getFlutterJNI() -> e
    io.flutter.app.FlutterPluginRegistry getPluginRegistry() -> f
    boolean isApplicationRunning() -> g
    boolean isAttached() -> h
io.flutter.view.FlutterNativeView$1 -> io.flutter.view.e$a:
    io.flutter.view.FlutterNativeView this$0 -> a
    void onFlutterUiDisplayed() -> a
    void onFlutterUiNoLongerDisplayed() -> b
io.flutter.view.FlutterNativeView$EngineLifecycleListenerImpl -> io.flutter.view.e$b:
    io.flutter.view.FlutterNativeView this$0 -> a
    void onPreEngineRestart() -> a
io.flutter.view.FlutterRunArguments -> io.flutter.view.f:
    java.lang.String bundlePath -> a
    java.lang.String libraryPath -> c
    java.lang.String entrypoint -> b
io.flutter.view.FlutterView -> io.flutter.view.g:
    java.util.List mFirstFrameListeners -> r
    java.util.List mActivityLifecycleListeners -> q
    java.util.concurrent.atomic.AtomicLong nextTextureId -> s
    io.flutter.embedding.engine.systemchannels.PlatformChannel platformChannel -> g
    io.flutter.embedding.engine.dart.DartExecutor dartExecutor -> a
    io.flutter.view.FlutterNativeView mNativeView -> t
    android.view.SurfaceHolder$Callback mSurfaceCallback -> o
    io.flutter.embedding.engine.systemchannels.SettingsChannel settingsChannel -> h
    boolean mIsSoftwareRenderingEnabled -> u
    io.flutter.embedding.engine.systemchannels.LifecycleChannel lifecycleChannel -> e
    io.flutter.embedding.android.AndroidTouchProcessor androidTouchProcessor -> m
    io.flutter.embedding.engine.systemchannels.SystemChannel systemChannel -> i
    io.flutter.embedding.engine.renderer.FlutterRenderer flutterRenderer -> b
    io.flutter.view.FlutterView$ViewportMetrics mMetrics -> p
    io.flutter.view.AccessibilityBridge$OnAccessibilityChangeListener onAccessibilityChangeListener -> v
    io.flutter.plugin.editing.TextInputPlugin mTextInputPlugin -> j
    io.flutter.view.AccessibilityBridge mAccessibilityNodeProvider -> n
    io.flutter.embedding.engine.systemchannels.LocalizationChannel localizationChannel -> f
    io.flutter.embedding.engine.systemchannels.NavigationChannel navigationChannel -> c
io.flutter.view.FlutterView$1 -> io.flutter.view.g$a:
    io.flutter.view.FlutterView this$0 -> a
    void onAccessibilityChanged(boolean,boolean) -> a
io.flutter.view.FlutterView$2 -> io.flutter.view.g$b:
    io.flutter.view.FlutterView this$0 -> a
io.flutter.view.FlutterView$3 -> io.flutter.view.g$c:
    io.flutter.plugin.platform.PlatformPlugin val$platformPlugin -> a